timer_interruption
S
usart_interruption
G
timer_interruption
14
timer_interruption
13
timer_interruption
12
usart_interruption
timer_interruption
S
timer_interruption
S
timer_interruption
S
timer_interruption
S
timer_interruption
S
usart_interruption
G
timer_interruption
14
timer_interruption
13
timer_interruption
12
timer_interruption
11
timer_interruption
10
usart_interruption
R
timer_interruption
14
timer_interruption
13
timer_interruption
12
timer_interruption
11
timer_interruption
10
timer_interruption
9
timer_interruption
8
timer_interruption
7
timer_interruption
6
timer_interruption
5
timer_interruption
4
timer_interruption
3
timer_interruption
2
timer_interruption
1
timer_interruption
0
timer_interruption
G
timer_interruption
14
timer_interruption
13
timer_interruption
12
timer_interruption
11
timer_interruption
10
timer_interruption
9
timer_interruption
8
timer_interruption
7
timer_interruption
6
timer_interruption
5
timer_interruption
4
timer_interruption
3
timer_interruption
2
timer_interruption
1
timer_interruption
0
timer_interruption
Y
timer_interruption
4
timer_interruption
3
timer_interruption
2
timer_interruption
1
timer_interruption
0
timer_interruption
R
timer_interruption
14
timer_interruption
13
timer_interruption
12
timer_interruption
11
timer_interruption
10
timer_interruption
9
timer_interruption
8
